2024-02-27T12:15:45.859+05:30  INFO 4700 --- [main] B.QuizApp.QuizAppApplication             : Starting QuizAppApplication using Java 20.0.2.1 with PID 4700 (C:\Users\MFSPC0010\Downloads\QuizApp\QuizApp\target\classes started by MFSPC0010 in C:\Users\MFSPC0010\Downloads\QuizApp)
2024-02-27T12:15:45.862+05:30  INFO 4700 --- [main] B.QuizApp.QuizAppApplication             : No active profile set, falling back to 1 default profile: "default"
2024-02-27T12:15:46.742+05:30  INFO 4700 --- [main] .s.d.r.c.RepositoryConfigurationDelegate : Bootstrapping Spring Data JPA repositories in DEFAULT mode.
2024-02-27T12:15:46.804+05:30  INFO 4700 --- [main] .s.d.r.c.RepositoryConfigurationDelegate : Finished Spring Data repository scanning in 46 ms. Found 2 JPA repository interfaces.
2024-02-27T12:15:47.424+05:30  INFO 4700 --- [main] o.s.b.w.embedded.tomcat.TomcatWebServer  : Tomcat initialized with port 8082 (http)
2024-02-27T12:15:47.442+05:30  INFO 4700 --- [main] o.apache.catalina.core.StandardService   : Starting service [Tomcat]
2024-02-27T12:15:47.442+05:30  INFO 4700 --- [main] o.apache.catalina.core.StandardEngine    : Starting Servlet engine: [Apache Tomcat/10.1.18]
2024-02-27T12:15:47.506+05:30  INFO 4700 --- [main] o.a.c.c.C.[Tomcat].[localhost].[/]       : Initializing Spring embedded WebApplicationContext
2024-02-27T12:15:47.507+05:30  INFO 4700 --- [main] w.s.c.ServletWebServerApplicationContext : Root WebApplicationContext: initialization completed in 1590 ms
2024-02-27T12:15:47.673+05:30  INFO 4700 --- [main] o.hibernate.jpa.internal.util.LogHelper  : HHH000204: Processing PersistenceUnitInfo [name: default]
2024-02-27T12:15:47.733+05:30  INFO 4700 --- [main] org.hibernate.Version                    : HHH000412: Hibernate ORM core version 6.4.1.Final
2024-02-27T12:15:47.775+05:30  INFO 4700 --- [main] o.h.c.internal.RegionFactoryInitiator    : HHH000026: Second-level cache disabled
2024-02-27T12:15:48.041+05:30  INFO 4700 --- [main] o.s.o.j.p.SpringPersistenceUnitInfo      : No LoadTimeWeaver setup: ignoring JPA class transformer
2024-02-27T12:15:48.073+05:30  INFO 4700 --- [main] com.zaxxer.hikari.HikariDataSource       : d1 - Starting...
2024-02-27T12:15:48.435+05:30  INFO 4700 --- [main] com.zaxxer.hikari.pool.HikariPool        : d1 - Added connection com.mysql.cj.jdbc.ConnectionImpl@786a3477
2024-02-27T12:15:48.440+05:30  INFO 4700 --- [main] com.zaxxer.hikari.HikariDataSource       : d1 - Start completed.
2024-02-27T12:15:48.492+05:30  WARN 4700 --- [main] org.hibernate.orm.deprecation            : HHH90000025: MySQL8Dialect does not need to be specified explicitly using 'hibernate.dialect' (remove the property setting and it will be selected by default)
2024-02-27T12:15:48.493+05:30  WARN 4700 --- [main] org.hibernate.orm.deprecation            : HHH90000026: MySQL8Dialect has been deprecated; use org.hibernate.dialect.MySQLDialect instead
2024-02-27T12:15:49.589+05:30  INFO 4700 --- [main] o.h.e.t.j.p.i.JtaPlatformInitiator       : HHH000489: No JTA platform available (set 'hibernate.transaction.jta.platform' to enable JTA platform integration)
2024-02-27T12:15:49.662+05:30  INFO 4700 --- [main] j.LocalContainerEntityManagerFactoryBean : Initialized JPA EntityManagerFactory for persistence unit 'default'
2024-02-27T12:15:49.976+05:30  INFO 4700 --- [main] o.s.d.j.r.query.QueryEnhancerFactory     : Hibernate is in classpath; If applicable, HQL parser will be used.
2024-02-27T12:15:50.142+05:30  WARN 4700 --- [main] JpaBaseConfiguration$JpaWebConfiguration : spring.jpa.open-in-view is enabled by default. Therefore, database queries may be performed during view rendering. Explicitly configure spring.jpa.open-in-view to disable this warning
2024-02-27T12:15:50.540+05:30  INFO 4700 --- [main] o.s.b.w.embedded.tomcat.TomcatWebServer  : Tomcat started on port 8082 (http) with context path ''
2024-02-27T12:15:50.550+05:30  INFO 4700 --- [main] B.QuizApp.QuizAppApplication             : Started QuizAppApplication in 5.206 seconds (process running for 5.629)
2024-02-27T12:15:58.984+05:30  INFO 4700 --- [http-nio-8082-exec-2] o.a.c.c.C.[Tomcat].[localhost].[/]       : Initializing Spring DispatcherServlet 'dispatcherServlet'
2024-02-27T12:15:58.984+05:30  INFO 4700 --- [http-nio-8082-exec-2] o.s.web.servlet.DispatcherServlet        : Initializing Servlet 'dispatcherServlet'
2024-02-27T12:15:58.985+05:30  INFO 4700 --- [http-nio-8082-exec-2] o.s.web.servlet.DispatcherServlet        : Completed initialization in 1 ms
2024-02-27T12:15:59.018+05:30  INFO 4700 --- [http-nio-8082-exec-2] B.QuizApp.controller.QuestionController  : NameWorld
2024-02-27T12:16:27.057+05:30  INFO 4700 --- [SpringApplicationShutdownHook] j.LocalContainerEntityManagerFactoryBean : Closing JPA EntityManagerFactory for persistence unit 'default'
2024-02-27T12:16:27.059+05:30  INFO 4700 --- [SpringApplicationShutdownHook] com.zaxxer.hikari.HikariDataSource       : d1 - Shutdown initiated...
2024-02-27T12:16:27.065+05:30  INFO 4700 --- [SpringApplicationShutdownHook] com.zaxxer.hikari.HikariDataSource       : d1 - Shutdown completed.
2024-02-27T12:16:31.345+05:30  INFO 10272 --- [main] B.QuizApp.QuizAppApplication             : Starting QuizAppApplication using Java 20.0.2.1 with PID 10272 (C:\Users\MFSPC0010\Downloads\QuizApp\QuizApp\target\classes started by MFSPC0010 in C:\Users\MFSPC0010\Downloads\QuizApp)
2024-02-27T12:16:31.348+05:30  INFO 10272 --- [main] B.QuizApp.QuizAppApplication             : No active profile set, falling back to 1 default profile: "default"
2024-02-27T12:16:32.131+05:30  INFO 10272 --- [main] .s.d.r.c.RepositoryConfigurationDelegate : Bootstrapping Spring Data JPA repositories in DEFAULT mode.
2024-02-27T12:16:32.194+05:30  INFO 10272 --- [main] .s.d.r.c.RepositoryConfigurationDelegate : Finished Spring Data repository scanning in 54 ms. Found 2 JPA repository interfaces.
2024-02-27T12:16:32.852+05:30  INFO 10272 --- [main] o.s.b.w.embedded.tomcat.TomcatWebServer  : Tomcat initialized with port 8082 (http)
2024-02-27T12:16:32.868+05:30  INFO 10272 --- [main] o.apache.catalina.core.StandardService   : Starting service [Tomcat]
2024-02-27T12:16:32.868+05:30  INFO 10272 --- [main] o.apache.catalina.core.StandardEngine    : Starting Servlet engine: [Apache Tomcat/10.1.18]
2024-02-27T12:16:32.921+05:30  INFO 10272 --- [main] o.a.c.c.C.[Tomcat].[localhost].[/]       : Initializing Spring embedded WebApplicationContext
2024-02-27T12:16:32.921+05:30  INFO 10272 --- [main] w.s.c.ServletWebServerApplicationContext : Root WebApplicationContext: initialization completed in 1510 ms
2024-02-27T12:16:33.099+05:30  INFO 10272 --- [main] o.hibernate.jpa.internal.util.LogHelper  : HHH000204: Processing PersistenceUnitInfo [name: default]
2024-02-27T12:16:33.165+05:30  INFO 10272 --- [main] org.hibernate.Version                    : HHH000412: Hibernate ORM core version 6.4.1.Final
2024-02-27T12:16:33.208+05:30  INFO 10272 --- [main] o.h.c.internal.RegionFactoryInitiator    : HHH000026: Second-level cache disabled
2024-02-27T12:16:33.468+05:30  INFO 10272 --- [main] o.s.o.j.p.SpringPersistenceUnitInfo      : No LoadTimeWeaver setup: ignoring JPA class transformer
2024-02-27T12:16:33.498+05:30  INFO 10272 --- [main] com.zaxxer.hikari.HikariDataSource       : d1 - Starting...
2024-02-27T12:16:33.872+05:30  INFO 10272 --- [main] com.zaxxer.hikari.pool.HikariPool        : d1 - Added connection com.mysql.cj.jdbc.ConnectionImpl@fabef2e
2024-02-27T12:16:33.873+05:30  INFO 10272 --- [main] com.zaxxer.hikari.HikariDataSource       : d1 - Start completed.
2024-02-27T12:16:33.913+05:30  WARN 10272 --- [main] org.hibernate.orm.deprecation            : HHH90000025: MySQL8Dialect does not need to be specified explicitly using 'hibernate.dialect' (remove the property setting and it will be selected by default)
2024-02-27T12:16:33.914+05:30  WARN 10272 --- [main] org.hibernate.orm.deprecation            : HHH90000026: MySQL8Dialect has been deprecated; use org.hibernate.dialect.MySQLDialect instead
2024-02-27T12:16:34.810+05:30  INFO 10272 --- [main] o.h.e.t.j.p.i.JtaPlatformInitiator       : HHH000489: No JTA platform available (set 'hibernate.transaction.jta.platform' to enable JTA platform integration)
2024-02-27T12:16:34.876+05:30  INFO 10272 --- [main] j.LocalContainerEntityManagerFactoryBean : Initialized JPA EntityManagerFactory for persistence unit 'default'
2024-02-27T12:16:35.160+05:30  INFO 10272 --- [main] o.s.d.j.r.query.QueryEnhancerFactory     : Hibernate is in classpath; If applicable, HQL parser will be used.
2024-02-27T12:16:35.331+05:30  WARN 10272 --- [main] JpaBaseConfiguration$JpaWebConfiguration : spring.jpa.open-in-view is enabled by default. Therefore, database queries may be performed during view rendering. Explicitly configure spring.jpa.open-in-view to disable this warning
2024-02-27T12:16:35.751+05:30  INFO 10272 --- [main] o.s.b.w.embedded.tomcat.TomcatWebServer  : Tomcat started on port 8082 (http) with context path ''
2024-02-27T12:16:35.763+05:30  INFO 10272 --- [main] B.QuizApp.QuizAppApplication             : Started QuizAppApplication in 4.942 seconds (process running for 5.4)
2024-02-27T12:16:51.316+05:30  INFO 10272 --- [http-nio-8082-exec-2] o.a.c.c.C.[Tomcat].[localhost].[/]       : Initializing Spring DispatcherServlet 'dispatcherServlet'
2024-02-27T12:16:51.317+05:30  INFO 10272 --- [http-nio-8082-exec-2] o.s.web.servlet.DispatcherServlet        : Initializing Servlet 'dispatcherServlet'
2024-02-27T12:16:51.318+05:30  INFO 10272 --- [http-nio-8082-exec-2] o.s.web.servlet.DispatcherServlet        : Completed initialization in 1 ms
2024-02-27T12:20:45.209+05:30  INFO 10272 --- [SpringApplicationShutdownHook] j.LocalContainerEntityManagerFactoryBean : Closing JPA EntityManagerFactory for persistence unit 'default'
2024-02-27T12:20:45.211+05:30  INFO 10272 --- [SpringApplicationShutdownHook] com.zaxxer.hikari.HikariDataSource       : d1 - Shutdown initiated...
2024-02-27T12:20:45.216+05:30  INFO 10272 --- [SpringApplicationShutdownHook] com.zaxxer.hikari.HikariDataSource       : d1 - Shutdown completed.
2024-02-27T12:20:48.752+05:30  INFO 19932 --- [main] B.QuizApp.QuizAppApplication             : Starting QuizAppApplication using Java 20.0.2.1 with PID 19932 (C:\Users\MFSPC0010\Downloads\QuizApp\QuizApp\target\classes started by MFSPC0010 in C:\Users\MFSPC0010\Downloads\QuizApp)
2024-02-27T12:20:48.757+05:30  INFO 19932 --- [main] B.QuizApp.QuizAppApplication             : No active profile set, falling back to 1 default profile: "default"
2024-02-27T12:20:49.635+05:30  INFO 19932 --- [main] .s.d.r.c.RepositoryConfigurationDelegate : Bootstrapping Spring Data JPA repositories in DEFAULT mode.
2024-02-27T12:20:49.718+05:30  INFO 19932 --- [main] .s.d.r.c.RepositoryConfigurationDelegate : Finished Spring Data repository scanning in 72 ms. Found 2 JPA repository interfaces.
2024-02-27T12:20:50.475+05:30  INFO 19932 --- [main] o.s.b.w.embedded.tomcat.TomcatWebServer  : Tomcat initialized with port 8082 (http)
2024-02-27T12:20:50.487+05:30  INFO 19932 --- [main] o.apache.catalina.core.StandardService   : Starting service [Tomcat]
2024-02-27T12:20:50.487+05:30  INFO 19932 --- [main] o.apache.catalina.core.StandardEngine    : Starting Servlet engine: [Apache Tomcat/10.1.18]
2024-02-27T12:20:50.546+05:30  INFO 19932 --- [main] o.a.c.c.C.[Tomcat].[localhost].[/]       : Initializing Spring embedded WebApplicationContext
2024-02-27T12:20:50.547+05:30  INFO 19932 --- [main] w.s.c.ServletWebServerApplicationContext : Root WebApplicationContext: initialization completed in 1731 ms
2024-02-27T12:20:50.746+05:30  INFO 19932 --- [main] o.hibernate.jpa.internal.util.LogHelper  : HHH000204: Processing PersistenceUnitInfo [name: default]
2024-02-27T12:20:50.811+05:30  INFO 19932 --- [main] org.hibernate.Version                    : HHH000412: Hibernate ORM core version 6.4.1.Final
2024-02-27T12:20:50.848+05:30  INFO 19932 --- [main] o.h.c.internal.RegionFactoryInitiator    : HHH000026: Second-level cache disabled
2024-02-27T12:20:51.160+05:30  INFO 19932 --- [main] o.s.o.j.p.SpringPersistenceUnitInfo      : No LoadTimeWeaver setup: ignoring JPA class transformer
2024-02-27T12:20:51.189+05:30  INFO 19932 --- [main] com.zaxxer.hikari.HikariDataSource       : d1 - Starting...
2024-02-27T12:20:51.566+05:30  INFO 19932 --- [main] com.zaxxer.hikari.pool.HikariPool        : d1 - Added connection com.mysql.cj.jdbc.ConnectionImpl@7f8c3646
2024-02-27T12:20:51.568+05:30  INFO 19932 --- [main] com.zaxxer.hikari.HikariDataSource       : d1 - Start completed.
2024-02-27T12:20:51.610+05:30  WARN 19932 --- [main] org.hibernate.orm.deprecation            : HHH90000025: MySQL8Dialect does not need to be specified explicitly using 'hibernate.dialect' (remove the property setting and it will be selected by default)
2024-02-27T12:20:51.611+05:30  WARN 19932 --- [main] org.hibernate.orm.deprecation            : HHH90000026: MySQL8Dialect has been deprecated; use org.hibernate.dialect.MySQLDialect instead
2024-02-27T12:20:52.650+05:30  INFO 19932 --- [main] o.h.e.t.j.p.i.JtaPlatformInitiator       : HHH000489: No JTA platform available (set 'hibernate.transaction.jta.platform' to enable JTA platform integration)
2024-02-27T12:20:52.724+05:30  INFO 19932 --- [main] j.LocalContainerEntityManagerFactoryBean : Initialized JPA EntityManagerFactory for persistence unit 'default'
2024-02-27T12:20:53.130+05:30  INFO 19932 --- [main] o.s.d.j.r.query.QueryEnhancerFactory     : Hibernate is in classpath; If applicable, HQL parser will be used.
2024-02-27T12:20:53.345+05:30  WARN 19932 --- [main] JpaBaseConfiguration$JpaWebConfiguration : spring.jpa.open-in-view is enabled by default. Therefore, database queries may be performed during view rendering. Explicitly configure spring.jpa.open-in-view to disable this warning
2024-02-27T12:20:53.794+05:30  INFO 19932 --- [main] o.s.b.w.embedded.tomcat.TomcatWebServer  : Tomcat started on port 8082 (http) with context path ''
2024-02-27T12:20:53.805+05:30  INFO 19932 --- [main] B.QuizApp.QuizAppApplication             : Started QuizAppApplication in 5.713 seconds (process running for 6.263)
2024-02-27T12:21:53.106+05:30  INFO 19932 --- [SpringApplicationShutdownHook] j.LocalContainerEntityManagerFactoryBean : Closing JPA EntityManagerFactory for persistence unit 'default'
2024-02-27T12:21:53.109+05:30  INFO 19932 --- [SpringApplicationShutdownHook] com.zaxxer.hikari.HikariDataSource       : d1 - Shutdown initiated...
2024-02-27T12:21:53.116+05:30  INFO 19932 --- [SpringApplicationShutdownHook] com.zaxxer.hikari.HikariDataSource       : d1 - Shutdown completed.
2024-02-27T12:21:58.793+05:30  INFO 5532 --- [main] B.QuizApp.QuizAppApplication             : Starting QuizAppApplication using Java 20.0.2.1 with PID 5532 (C:\Users\MFSPC0010\Downloads\QuizApp\QuizApp\target\classes started by MFSPC0010 in C:\Users\MFSPC0010\Downloads\QuizApp)
2024-02-27T12:21:58.798+05:30  INFO 5532 --- [main] B.QuizApp.QuizAppApplication             : No active profile set, falling back to 1 default profile: "default"
2024-02-27T12:22:00.097+05:30  INFO 5532 --- [main] .s.d.r.c.RepositoryConfigurationDelegate : Bootstrapping Spring Data JPA repositories in DEFAULT mode.
2024-02-27T12:22:00.201+05:30  INFO 5532 --- [main] .s.d.r.c.RepositoryConfigurationDelegate : Finished Spring Data repository scanning in 88 ms. Found 2 JPA repository interfaces.
2024-02-27T12:22:01.147+05:30  INFO 5532 --- [main] o.s.b.w.embedded.tomcat.TomcatWebServer  : Tomcat initialized with port 8082 (http)
2024-02-27T12:22:01.175+05:30  INFO 5532 --- [main] o.apache.catalina.core.StandardService   : Starting service [Tomcat]
2024-02-27T12:22:01.175+05:30  INFO 5532 --- [main] o.apache.catalina.core.StandardEngine    : Starting Servlet engine: [Apache Tomcat/10.1.18]
2024-02-27T12:22:01.265+05:30  INFO 5532 --- [main] o.a.c.c.C.[Tomcat].[localhost].[/]       : Initializing Spring embedded WebApplicationContext
2024-02-27T12:22:01.266+05:30  INFO 5532 --- [main] w.s.c.ServletWebServerApplicationContext : Root WebApplicationContext: initialization completed in 2333 ms
2024-02-27T12:22:01.584+05:30  INFO 5532 --- [main] o.hibernate.jpa.internal.util.LogHelper  : HHH000204: Processing PersistenceUnitInfo [name: default]
2024-02-27T12:22:01.664+05:30  INFO 5532 --- [main] org.hibernate.Version                    : HHH000412: Hibernate ORM core version 6.4.1.Final
2024-02-27T12:22:01.752+05:30  INFO 5532 --- [main] o.h.c.internal.RegionFactoryInitiator    : HHH000026: Second-level cache disabled
2024-02-27T12:22:02.461+05:30  INFO 5532 --- [main] o.s.o.j.p.SpringPersistenceUnitInfo      : No LoadTimeWeaver setup: ignoring JPA class transformer
2024-02-27T12:22:02.564+05:30  INFO 5532 --- [main] com.zaxxer.hikari.HikariDataSource       : d1 - Starting...
2024-02-27T12:22:03.096+05:30  INFO 5532 --- [main] com.zaxxer.hikari.pool.HikariPool        : d1 - Added connection com.mysql.cj.jdbc.ConnectionImpl@432c0f1
2024-02-27T12:22:03.100+05:30  INFO 5532 --- [main] com.zaxxer.hikari.HikariDataSource       : d1 - Start completed.
2024-02-27T12:22:03.166+05:30  WARN 5532 --- [main] org.hibernate.orm.deprecation            : HHH90000025: MySQL8Dialect does not need to be specified explicitly using 'hibernate.dialect' (remove the property setting and it will be selected by default)
2024-02-27T12:22:03.169+05:30  WARN 5532 --- [main] org.hibernate.orm.deprecation            : HHH90000026: MySQL8Dialect has been deprecated; use org.hibernate.dialect.MySQLDialect instead
2024-02-27T12:22:04.189+05:30  INFO 5532 --- [main] o.h.e.t.j.p.i.JtaPlatformInitiator       : HHH000489: No JTA platform available (set 'hibernate.transaction.jta.platform' to enable JTA platform integration)
2024-02-27T12:22:04.257+05:30  INFO 5532 --- [main] j.LocalContainerEntityManagerFactoryBean : Initialized JPA EntityManagerFactory for persistence unit 'default'
2024-02-27T12:22:04.590+05:30  INFO 5532 --- [main] o.s.d.j.r.query.QueryEnhancerFactory     : Hibernate is in classpath; If applicable, HQL parser will be used.
2024-02-27T12:22:04.806+05:30  WARN 5532 --- [main] JpaBaseConfiguration$JpaWebConfiguration : spring.jpa.open-in-view is enabled by default. Therefore, database queries may be performed during view rendering. Explicitly configure spring.jpa.open-in-view to disable this warning
2024-02-27T12:22:05.299+05:30  INFO 5532 --- [main] o.s.b.w.embedded.tomcat.TomcatWebServer  : Tomcat started on port 8082 (http) with context path ''
2024-02-27T12:22:05.312+05:30  INFO 5532 --- [main] B.QuizApp.QuizAppApplication             : Started QuizAppApplication in 7.223 seconds (process running for 8.612)
2024-02-27T12:22:17.692+05:30  INFO 5532 --- [http-nio-8082-exec-2] o.a.c.c.C.[Tomcat].[localhost].[/]       : Initializing Spring DispatcherServlet 'dispatcherServlet'
2024-02-27T12:22:17.692+05:30  INFO 5532 --- [http-nio-8082-exec-2] o.s.web.servlet.DispatcherServlet        : Initializing Servlet 'dispatcherServlet'
2024-02-27T12:22:17.693+05:30  INFO 5532 --- [http-nio-8082-exec-2] o.s.web.servlet.DispatcherServlet        : Completed initialization in 1 ms
2024-02-27T12:23:24.774+05:30  INFO 5532 --- [SpringApplicationShutdownHook] j.LocalContainerEntityManagerFactoryBean : Closing JPA EntityManagerFactory for persistence unit 'default'
2024-02-27T12:23:24.778+05:30  INFO 5532 --- [SpringApplicationShutdownHook] com.zaxxer.hikari.HikariDataSource       : d1 - Shutdown initiated...
2024-02-27T12:23:24.788+05:30  INFO 5532 --- [SpringApplicationShutdownHook] com.zaxxer.hikari.HikariDataSource       : d1 - Shutdown completed.
2024-02-27T12:23:29.254+05:30  INFO 18096 --- [main] B.QuizApp.QuizAppApplication             : Starting QuizAppApplication using Java 20.0.2.1 with PID 18096 (C:\Users\MFSPC0010\Downloads\QuizApp\QuizApp\target\classes started by MFSPC0010 in C:\Users\MFSPC0010\Downloads\QuizApp)
2024-02-27T12:23:29.258+05:30  INFO 18096 --- [main] B.QuizApp.QuizAppApplication             : No active profile set, falling back to 1 default profile: "default"
2024-02-27T12:23:30.189+05:30  INFO 18096 --- [main] .s.d.r.c.RepositoryConfigurationDelegate : Bootstrapping Spring Data JPA repositories in DEFAULT mode.
2024-02-27T12:23:30.267+05:30  INFO 18096 --- [main] .s.d.r.c.RepositoryConfigurationDelegate : Finished Spring Data repository scanning in 68 ms. Found 2 JPA repository interfaces.
2024-02-27T12:23:30.974+05:30  INFO 18096 --- [main] o.s.b.w.embedded.tomcat.TomcatWebServer  : Tomcat initialized with port 8082 (http)
2024-02-27T12:23:30.986+05:30  INFO 18096 --- [main] o.apache.catalina.core.StandardService   : Starting service [Tomcat]
2024-02-27T12:23:30.986+05:30  INFO 18096 --- [main] o.apache.catalina.core.StandardEngine    : Starting Servlet engine: [Apache Tomcat/10.1.18]
2024-02-27T12:23:31.053+05:30  INFO 18096 --- [main] o.a.c.c.C.[Tomcat].[localhost].[/]       : Initializing Spring embedded WebApplicationContext
2024-02-27T12:23:31.053+05:30  INFO 18096 --- [main] w.s.c.ServletWebServerApplicationContext : Root WebApplicationContext: initialization completed in 1707 ms
2024-02-27T12:23:31.265+05:30  INFO 18096 --- [main] o.hibernate.jpa.internal.util.LogHelper  : HHH000204: Processing PersistenceUnitInfo [name: default]
2024-02-27T12:23:31.349+05:30  INFO 18096 --- [main] org.hibernate.Version                    : HHH000412: Hibernate ORM core version 6.4.1.Final
2024-02-27T12:23:31.393+05:30  INFO 18096 --- [main] o.h.c.internal.RegionFactoryInitiator    : HHH000026: Second-level cache disabled
2024-02-27T12:23:31.743+05:30  INFO 18096 --- [main] o.s.o.j.p.SpringPersistenceUnitInfo      : No LoadTimeWeaver setup: ignoring JPA class transformer
2024-02-27T12:23:31.785+05:30  INFO 18096 --- [main] com.zaxxer.hikari.HikariDataSource       : d1 - Starting...
2024-02-27T12:23:32.163+05:30  INFO 18096 --- [main] com.zaxxer.hikari.pool.HikariPool        : d1 - Added connection com.mysql.cj.jdbc.ConnectionImpl@606b53a3
2024-02-27T12:23:32.171+05:30  INFO 18096 --- [main] com.zaxxer.hikari.HikariDataSource       : d1 - Start completed.
2024-02-27T12:23:32.219+05:30  WARN 18096 --- [main] org.hibernate.orm.deprecation            : HHH90000025: MySQL8Dialect does not need to be specified explicitly using 'hibernate.dialect' (remove the property setting and it will be selected by default)
2024-02-27T12:23:32.221+05:30  WARN 18096 --- [main] org.hibernate.orm.deprecation            : HHH90000026: MySQL8Dialect has been deprecated; use org.hibernate.dialect.MySQLDialect instead
2024-02-27T12:23:33.194+05:30  INFO 18096 --- [main] o.h.e.t.j.p.i.JtaPlatformInitiator       : HHH000489: No JTA platform available (set 'hibernate.transaction.jta.platform' to enable JTA platform integration)
2024-02-27T12:23:33.266+05:30  INFO 18096 --- [main] j.LocalContainerEntityManagerFactoryBean : Initialized JPA EntityManagerFactory for persistence unit 'default'
2024-02-27T12:23:33.591+05:30  INFO 18096 --- [main] o.s.d.j.r.query.QueryEnhancerFactory     : Hibernate is in classpath; If applicable, HQL parser will be used.
2024-02-27T12:23:33.788+05:30  WARN 18096 --- [main] JpaBaseConfiguration$JpaWebConfiguration : spring.jpa.open-in-view is enabled by default. Therefore, database queries may be performed during view rendering. Explicitly configure spring.jpa.open-in-view to disable this warning
2024-02-27T12:23:34.231+05:30  INFO 18096 --- [main] o.s.b.w.embedded.tomcat.TomcatWebServer  : Tomcat started on port 8082 (http) with context path ''
2024-02-27T12:23:34.242+05:30  INFO 18096 --- [main] B.QuizApp.QuizAppApplication             : Started QuizAppApplication in 5.658 seconds (process running for 6.254)
2024-02-27T12:23:41.133+05:30  INFO 18096 --- [http-nio-8082-exec-2] o.a.c.c.C.[Tomcat].[localhost].[/]       : Initializing Spring DispatcherServlet 'dispatcherServlet'
2024-02-27T12:23:41.134+05:30  INFO 18096 --- [http-nio-8082-exec-2] o.s.web.servlet.DispatcherServlet        : Initializing Servlet 'dispatcherServlet'
2024-02-27T12:23:41.135+05:30  INFO 18096 --- [http-nio-8082-exec-2] o.s.web.servlet.DispatcherServlet        : Completed initialization in 1 ms
2024-02-27T12:23:41.175+05:30  INFO 18096 --- [http-nio-8082-exec-2] B.QuizApp.controller.QuestionController  : NameWorld
2024-02-27T12:24:07.831+05:30  INFO 18096 --- [SpringApplicationShutdownHook] j.LocalContainerEntityManagerFactoryBean : Closing JPA EntityManagerFactory for persistence unit 'default'
2024-02-27T12:24:07.832+05:30  INFO 18096 --- [SpringApplicationShutdownHook] com.zaxxer.hikari.HikariDataSource       : d1 - Shutdown initiated...
2024-02-27T12:24:07.839+05:30  INFO 18096 --- [SpringApplicationShutdownHook] com.zaxxer.hikari.HikariDataSource       : d1 - Shutdown completed.
2024-02-27T12:24:11.597+05:30  INFO 17696 --- [main] B.QuizApp.QuizAppApplication             : Starting QuizAppApplication using Java 20.0.2.1 with PID 17696 (C:\Users\MFSPC0010\Downloads\QuizApp\QuizApp\target\classes started by MFSPC0010 in C:\Users\MFSPC0010\Downloads\QuizApp)
2024-02-27T12:24:11.601+05:30  INFO 17696 --- [main] B.QuizApp.QuizAppApplication             : No active profile set, falling back to 1 default profile: "default"
2024-02-27T12:24:12.485+05:30  INFO 17696 --- [main] .s.d.r.c.RepositoryConfigurationDelegate : Bootstrapping Spring Data JPA repositories in DEFAULT mode.
2024-02-27T12:24:12.570+05:30  INFO 17696 --- [main] .s.d.r.c.RepositoryConfigurationDelegate : Finished Spring Data repository scanning in 71 ms. Found 2 JPA repository interfaces.
2024-02-27T12:24:13.389+05:30  INFO 17696 --- [main] o.s.b.w.embedded.tomcat.TomcatWebServer  : Tomcat initialized with port 8082 (http)
2024-02-27T12:24:13.409+05:30  INFO 17696 --- [main] o.apache.catalina.core.StandardService   : Starting service [Tomcat]
2024-02-27T12:24:13.410+05:30  INFO 17696 --- [main] o.apache.catalina.core.StandardEngine    : Starting Servlet engine: [Apache Tomcat/10.1.18]
2024-02-27T12:24:13.483+05:30  INFO 17696 --- [main] o.a.c.c.C.[Tomcat].[localhost].[/]       : Initializing Spring embedded WebApplicationContext
2024-02-27T12:24:13.483+05:30  INFO 17696 --- [main] w.s.c.ServletWebServerApplicationContext : Root WebApplicationContext: initialization completed in 1802 ms
2024-02-27T12:24:13.692+05:30  INFO 17696 --- [main] o.hibernate.jpa.internal.util.LogHelper  : HHH000204: Processing PersistenceUnitInfo [name: default]
2024-02-27T12:24:13.763+05:30  INFO 17696 --- [main] org.hibernate.Version                    : HHH000412: Hibernate ORM core version 6.4.1.Final
2024-02-27T12:24:13.801+05:30  INFO 17696 --- [main] o.h.c.internal.RegionFactoryInitiator    : HHH000026: Second-level cache disabled
2024-02-27T12:24:14.113+05:30  INFO 17696 --- [main] o.s.o.j.p.SpringPersistenceUnitInfo      : No LoadTimeWeaver setup: ignoring JPA class transformer
2024-02-27T12:24:14.157+05:30  INFO 17696 --- [main] com.zaxxer.hikari.HikariDataSource       : d1 - Starting...
2024-02-27T12:24:14.602+05:30  INFO 17696 --- [main] com.zaxxer.hikari.pool.HikariPool        : d1 - Added connection com.mysql.cj.jdbc.ConnectionImpl@d85b399
2024-02-27T12:24:14.606+05:30  INFO 17696 --- [main] com.zaxxer.hikari.HikariDataSource       : d1 - Start completed.
2024-02-27T12:24:14.668+05:30  WARN 17696 --- [main] org.hibernate.orm.deprecation            : HHH90000025: MySQL8Dialect does not need to be specified explicitly using 'hibernate.dialect' (remove the property setting and it will be selected by default)
2024-02-27T12:24:14.670+05:30  WARN 17696 --- [main] org.hibernate.orm.deprecation            : HHH90000026: MySQL8Dialect has been deprecated; use org.hibernate.dialect.MySQLDialect instead
2024-02-27T12:24:15.713+05:30  INFO 17696 --- [main] o.h.e.t.j.p.i.JtaPlatformInitiator       : HHH000489: No JTA platform available (set 'hibernate.transaction.jta.platform' to enable JTA platform integration)
2024-02-27T12:24:15.800+05:30  INFO 17696 --- [main] j.LocalContainerEntityManagerFactoryBean : Initialized JPA EntityManagerFactory for persistence unit 'default'
2024-02-27T12:24:16.129+05:30  INFO 17696 --- [main] o.s.d.j.r.query.QueryEnhancerFactory     : Hibernate is in classpath; If applicable, HQL parser will be used.
2024-02-27T12:24:16.324+05:30  WARN 17696 --- [main] JpaBaseConfiguration$JpaWebConfiguration : spring.jpa.open-in-view is enabled by default. Therefore, database queries may be performed during view rendering. Explicitly configure spring.jpa.open-in-view to disable this warning
2024-02-27T12:24:16.784+05:30  INFO 17696 --- [main] o.s.b.w.embedded.tomcat.TomcatWebServer  : Tomcat started on port 8082 (http) with context path ''
2024-02-27T12:24:16.795+05:30  INFO 17696 --- [main] B.QuizApp.QuizAppApplication             : Started QuizAppApplication in 5.817 seconds (process running for 6.348)
2024-02-27T12:24:25.581+05:30  INFO 17696 --- [http-nio-8082-exec-2] o.a.c.c.C.[Tomcat].[localhost].[/]       : Initializing Spring DispatcherServlet 'dispatcherServlet'
2024-02-27T12:24:25.582+05:30  INFO 17696 --- [http-nio-8082-exec-2] o.s.web.servlet.DispatcherServlet        : Initializing Servlet 'dispatcherServlet'
2024-02-27T12:24:25.583+05:30  INFO 17696 --- [http-nio-8082-exec-2] o.s.web.servlet.DispatcherServlet        : Completed initialization in 1 ms
2024-02-27T12:24:25.631+05:30  INFO 17696 --- [http-nio-8082-exec-2] B.QuizApp.controller.QuestionController  : Name
2024-02-27T12:27:32.889+05:30  INFO 17696 --- [SpringApplicationShutdownHook] j.LocalContainerEntityManagerFactoryBean : Closing JPA EntityManagerFactory for persistence unit 'default'
2024-02-27T12:27:32.892+05:30  INFO 17696 --- [SpringApplicationShutdownHook] com.zaxxer.hikari.HikariDataSource       : d1 - Shutdown initiated...
2024-02-27T12:27:32.898+05:30  INFO 17696 --- [SpringApplicationShutdownHook] com.zaxxer.hikari.HikariDataSource       : d1 - Shutdown completed.
2024-02-27T12:27:37.095+05:30  INFO 15040 --- [main] B.QuizApp.QuizAppApplication             : Starting QuizAppApplication using Java 20.0.2.1 with PID 15040 (C:\Users\MFSPC0010\Downloads\QuizApp\QuizApp\target\classes started by MFSPC0010 in C:\Users\MFSPC0010\Downloads\QuizApp)
2024-02-27T12:27:37.098+05:30  INFO 15040 --- [main] B.QuizApp.QuizAppApplication             : No active profile set, falling back to 1 default profile: "default"
2024-02-27T12:27:38.052+05:30  INFO 15040 --- [main] .s.d.r.c.RepositoryConfigurationDelegate : Bootstrapping Spring Data JPA repositories in DEFAULT mode.
2024-02-27T12:27:38.157+05:30  INFO 15040 --- [main] .s.d.r.c.RepositoryConfigurationDelegate : Finished Spring Data repository scanning in 86 ms. Found 2 JPA repository interfaces.
2024-02-27T12:27:39.061+05:30  INFO 15040 --- [main] o.s.b.w.embedded.tomcat.TomcatWebServer  : Tomcat initialized with port 8082 (http)
2024-02-27T12:27:39.095+05:30  INFO 15040 --- [main] o.apache.catalina.core.StandardService   : Starting service [Tomcat]
2024-02-27T12:27:39.095+05:30  INFO 15040 --- [main] o.apache.catalina.core.StandardEngine    : Starting Servlet engine: [Apache Tomcat/10.1.18]
2024-02-27T12:27:39.189+05:30  INFO 15040 --- [main] o.a.c.c.C.[Tomcat].[localhost].[/]       : Initializing Spring embedded WebApplicationContext
2024-02-27T12:27:39.190+05:30  INFO 15040 --- [main] w.s.c.ServletWebServerApplicationContext : Root WebApplicationContext: initialization completed in 2010 ms
2024-02-27T12:27:39.417+05:30  INFO 15040 --- [main] o.hibernate.jpa.internal.util.LogHelper  : HHH000204: Processing PersistenceUnitInfo [name: default]
2024-02-27T12:27:39.513+05:30  INFO 15040 --- [main] org.hibernate.Version                    : HHH000412: Hibernate ORM core version 6.4.1.Final
2024-02-27T12:27:39.568+05:30  INFO 15040 --- [main] o.h.c.internal.RegionFactoryInitiator    : HHH000026: Second-level cache disabled
2024-02-27T12:27:40.011+05:30  INFO 15040 --- [main] o.s.o.j.p.SpringPersistenceUnitInfo      : No LoadTimeWeaver setup: ignoring JPA class transformer
2024-02-27T12:27:40.061+05:30  INFO 15040 --- [main] com.zaxxer.hikari.HikariDataSource       : d1 - Starting...
2024-02-27T12:27:40.555+05:30  INFO 15040 --- [main] com.zaxxer.hikari.pool.HikariPool        : d1 - Added connection com.mysql.cj.jdbc.ConnectionImpl@606b53a3
2024-02-27T12:27:40.558+05:30  INFO 15040 --- [main] com.zaxxer.hikari.HikariDataSource       : d1 - Start completed.
2024-02-27T12:27:40.615+05:30  WARN 15040 --- [main] org.hibernate.orm.deprecation            : HHH90000025: MySQL8Dialect does not need to be specified explicitly using 'hibernate.dialect' (remove the property setting and it will be selected by default)
2024-02-27T12:27:40.617+05:30  WARN 15040 --- [main] org.hibernate.orm.deprecation            : HHH90000026: MySQL8Dialect has been deprecated; use org.hibernate.dialect.MySQLDialect instead
2024-02-27T12:27:41.847+05:30  INFO 15040 --- [main] o.h.e.t.j.p.i.JtaPlatformInitiator       : HHH000489: No JTA platform available (set 'hibernate.transaction.jta.platform' to enable JTA platform integration)
2024-02-27T12:27:41.919+05:30  INFO 15040 --- [main] j.LocalContainerEntityManagerFactoryBean : Initialized JPA EntityManagerFactory for persistence unit 'default'
2024-02-27T12:27:42.278+05:30  INFO 15040 --- [main] o.s.d.j.r.query.QueryEnhancerFactory     : Hibernate is in classpath; If applicable, HQL parser will be used.
2024-02-27T12:27:42.509+05:30  WARN 15040 --- [main] JpaBaseConfiguration$JpaWebConfiguration : spring.jpa.open-in-view is enabled by default. Therefore, database queries may be performed during view rendering. Explicitly configure spring.jpa.open-in-view to disable this warning
2024-02-27T12:27:43.060+05:30  INFO 15040 --- [main] o.s.b.w.embedded.tomcat.TomcatWebServer  : Tomcat started on port 8082 (http) with context path ''
2024-02-27T12:27:43.075+05:30  INFO 15040 --- [main] B.QuizApp.QuizAppApplication             : Started QuizAppApplication in 6.658 seconds (process running for 7.247)
2024-02-27T12:31:15.752+05:30  INFO 15040 --- [SpringApplicationShutdownHook] j.LocalContainerEntityManagerFactoryBean : Closing JPA EntityManagerFactory for persistence unit 'default'
2024-02-27T12:31:15.755+05:30  INFO 15040 --- [SpringApplicationShutdownHook] com.zaxxer.hikari.HikariDataSource       : d1 - Shutdown initiated...
2024-02-27T12:31:15.764+05:30  INFO 15040 --- [SpringApplicationShutdownHook] com.zaxxer.hikari.HikariDataSource       : d1 - Shutdown completed.
2024-02-27T12:36:05.885+05:30  INFO 14252 --- [main] B.QuizApp.QuizAppApplication             : Starting QuizAppApplication using Java 20.0.2.1 with PID 14252 (C:\Users\MFSPC0010\Downloads\QuizApp\QuizApp\target\classes started by MFSPC0010 in C:\Users\MFSPC0010\Downloads\QuizApp)
2024-02-27T12:36:05.889+05:30  INFO 14252 --- [main] B.QuizApp.QuizAppApplication             : No active profile set, falling back to 1 default profile: "default"
2024-02-27T12:36:06.718+05:30  INFO 14252 --- [main] .s.d.r.c.RepositoryConfigurationDelegate : Bootstrapping Spring Data JPA repositories in DEFAULT mode.
2024-02-27T12:36:06.798+05:30  INFO 14252 --- [main] .s.d.r.c.RepositoryConfigurationDelegate : Finished Spring Data repository scanning in 67 ms. Found 2 JPA repository interfaces.
2024-02-27T12:36:07.487+05:30  INFO 14252 --- [main] o.s.b.w.embedded.tomcat.TomcatWebServer  : Tomcat initialized with port 8082 (http)
2024-02-27T12:36:07.504+05:30  INFO 14252 --- [main] o.apache.catalina.core.StandardService   : Starting service [Tomcat]
2024-02-27T12:36:07.504+05:30  INFO 14252 --- [main] o.apache.catalina.core.StandardEngine    : Starting Servlet engine: [Apache Tomcat/10.1.18]
2024-02-27T12:36:07.556+05:30  INFO 14252 --- [main] o.a.c.c.C.[Tomcat].[localhost].[/]       : Initializing Spring embedded WebApplicationContext
2024-02-27T12:36:07.556+05:30  INFO 14252 --- [main] w.s.c.ServletWebServerApplicationContext : Root WebApplicationContext: initialization completed in 1604 ms
2024-02-27T12:36:07.756+05:30  INFO 14252 --- [main] o.hibernate.jpa.internal.util.LogHelper  : HHH000204: Processing PersistenceUnitInfo [name: default]
2024-02-27T12:36:07.823+05:30  INFO 14252 --- [main] org.hibernate.Version                    : HHH000412: Hibernate ORM core version 6.4.1.Final
2024-02-27T12:36:07.862+05:30  INFO 14252 --- [main] o.h.c.internal.RegionFactoryInitiator    : HHH000026: Second-level cache disabled
2024-02-27T12:36:08.168+05:30  INFO 14252 --- [main] o.s.o.j.p.SpringPersistenceUnitInfo      : No LoadTimeWeaver setup: ignoring JPA class transformer
2024-02-27T12:36:08.197+05:30  INFO 14252 --- [main] com.zaxxer.hikari.HikariDataSource       : d1 - Starting...
2024-02-27T12:36:08.569+05:30  INFO 14252 --- [main] com.zaxxer.hikari.pool.HikariPool        : d1 - Added connection com.mysql.cj.jdbc.ConnectionImpl@55e91e61
2024-02-27T12:36:08.572+05:30  INFO 14252 --- [main] com.zaxxer.hikari.HikariDataSource       : d1 - Start completed.
2024-02-27T12:36:08.612+05:30  WARN 14252 --- [main] org.hibernate.orm.deprecation            : HHH90000025: MySQL8Dialect does not need to be specified explicitly using 'hibernate.dialect' (remove the property setting and it will be selected by default)
2024-02-27T12:36:08.613+05:30  WARN 14252 --- [main] org.hibernate.orm.deprecation            : HHH90000026: MySQL8Dialect has been deprecated; use org.hibernate.dialect.MySQLDialect instead
2024-02-27T12:36:09.562+05:30  INFO 14252 --- [main] o.h.e.t.j.p.i.JtaPlatformInitiator       : HHH000489: No JTA platform available (set 'hibernate.transaction.jta.platform' to enable JTA platform integration)
2024-02-27T12:36:09.621+05:30  INFO 14252 --- [main] j.LocalContainerEntityManagerFactoryBean : Initialized JPA EntityManagerFactory for persistence unit 'default'
2024-02-27T12:36:09.917+05:30  INFO 14252 --- [main] o.s.d.j.r.query.QueryEnhancerFactory     : Hibernate is in classpath; If applicable, HQL parser will be used.
2024-02-27T12:36:10.098+05:30  WARN 14252 --- [main] JpaBaseConfiguration$JpaWebConfiguration : spring.jpa.open-in-view is enabled by default. Therefore, database queries may be performed during view rendering. Explicitly configure spring.jpa.open-in-view to disable this warning
2024-02-27T12:36:10.539+05:30  INFO 14252 --- [main] o.s.b.w.embedded.tomcat.TomcatWebServer  : Tomcat started on port 8082 (http) with context path ''
2024-02-27T12:36:10.551+05:30  INFO 14252 --- [main] B.QuizApp.QuizAppApplication             : Started QuizAppApplication in 5.258 seconds (process running for 5.791)
2024-02-27T12:36:26.152+05:30  INFO 14252 --- [SpringApplicationShutdownHook] j.LocalContainerEntityManagerFactoryBean : Closing JPA EntityManagerFactory for persistence unit 'default'
2024-02-27T12:36:26.154+05:30  INFO 14252 --- [SpringApplicationShutdownHook] com.zaxxer.hikari.HikariDataSource       : d1 - Shutdown initiated...
2024-02-27T12:36:26.160+05:30  INFO 14252 --- [SpringApplicationShutdownHook] com.zaxxer.hikari.HikariDataSource       : d1 - Shutdown completed.
2024-02-27T12:36:28.503+05:30  INFO 9624 --- [main] B.QuizApp.QuizAppApplication             : Starting QuizAppApplication using Java 20.0.2.1 with PID 9624 (C:\Users\MFSPC0010\Downloads\QuizApp\QuizApp\target\classes started by MFSPC0010 in C:\Users\MFSPC0010\Downloads\QuizApp)
2024-02-27T12:36:28.506+05:30  INFO 9624 --- [main] B.QuizApp.QuizAppApplication             : No active profile set, falling back to 1 default profile: "default"
2024-02-27T12:36:29.282+05:30  INFO 9624 --- [main] .s.d.r.c.RepositoryConfigurationDelegate : Bootstrapping Spring Data JPA repositories in DEFAULT mode.
2024-02-27T12:36:29.358+05:30  INFO 9624 --- [main] .s.d.r.c.RepositoryConfigurationDelegate : Finished Spring Data repository scanning in 66 ms. Found 2 JPA repository interfaces.
2024-02-27T12:36:30.103+05:30  INFO 9624 --- [main] o.s.b.w.embedded.tomcat.TomcatWebServer  : Tomcat initialized with port 8082 (http)
2024-02-27T12:36:30.117+05:30  INFO 9624 --- [main] o.apache.catalina.core.StandardService   : Starting service [Tomcat]
2024-02-27T12:36:30.117+05:30  INFO 9624 --- [main] o.apache.catalina.core.StandardEngine    : Starting Servlet engine: [Apache Tomcat/10.1.18]
2024-02-27T12:36:30.185+05:30  INFO 9624 --- [main] o.a.c.c.C.[Tomcat].[localhost].[/]       : Initializing Spring embedded WebApplicationContext
2024-02-27T12:36:30.186+05:30  INFO 9624 --- [main] w.s.c.ServletWebServerApplicationContext : Root WebApplicationContext: initialization completed in 1622 ms
2024-02-27T12:36:30.383+05:30  INFO 9624 --- [main] o.hibernate.jpa.internal.util.LogHelper  : HHH000204: Processing PersistenceUnitInfo [name: default]
2024-02-27T12:36:30.454+05:30  INFO 9624 --- [main] org.hibernate.Version                    : HHH000412: Hibernate ORM core version 6.4.1.Final
2024-02-27T12:36:30.496+05:30  INFO 9624 --- [main] o.h.c.internal.RegionFactoryInitiator    : HHH000026: Second-level cache disabled
2024-02-27T12:36:30.800+05:30  INFO 9624 --- [main] o.s.o.j.p.SpringPersistenceUnitInfo      : No LoadTimeWeaver setup: ignoring JPA class transformer
2024-02-27T12:36:30.828+05:30  INFO 9624 --- [main] com.zaxxer.hikari.HikariDataSource       : d1 - Starting...
2024-02-27T12:36:31.240+05:30  INFO 9624 --- [main] com.zaxxer.hikari.pool.HikariPool        : d1 - Added connection com.mysql.cj.jdbc.ConnectionImpl@7d6c4079
2024-02-27T12:36:31.243+05:30  INFO 9624 --- [main] com.zaxxer.hikari.HikariDataSource       : d1 - Start completed.
2024-02-27T12:36:31.295+05:30  WARN 9624 --- [main] org.hibernate.orm.deprecation            : HHH90000025: MySQL8Dialect does not need to be specified explicitly using 'hibernate.dialect' (remove the property setting and it will be selected by default)
2024-02-27T12:36:31.296+05:30  WARN 9624 --- [main] org.hibernate.orm.deprecation            : HHH90000026: MySQL8Dialect has been deprecated; use org.hibernate.dialect.MySQLDialect instead
2024-02-27T12:36:32.270+05:30  INFO 9624 --- [main] o.h.e.t.j.p.i.JtaPlatformInitiator       : HHH000489: No JTA platform available (set 'hibernate.transaction.jta.platform' to enable JTA platform integration)
2024-02-27T12:36:32.327+05:30  INFO 9624 --- [main] j.LocalContainerEntityManagerFactoryBean : Initialized JPA EntityManagerFactory for persistence unit 'default'
2024-02-27T12:36:32.625+05:30  INFO 9624 --- [main] o.s.d.j.r.query.QueryEnhancerFactory     : Hibernate is in classpath; If applicable, HQL parser will be used.
2024-02-27T12:36:32.822+05:30  WARN 9624 --- [main] JpaBaseConfiguration$JpaWebConfiguration : spring.jpa.open-in-view is enabled by default. Therefore, database queries may be performed during view rendering. Explicitly configure spring.jpa.open-in-view to disable this warning
2024-02-27T12:36:33.274+05:30  INFO 9624 --- [main] o.s.b.w.embedded.tomcat.TomcatWebServer  : Tomcat started on port 8082 (http) with context path ''
2024-02-27T12:36:33.287+05:30  INFO 9624 --- [main] B.QuizApp.QuizAppApplication             : Started QuizAppApplication in 5.336 seconds (process running for 5.897)
2024-02-27T12:38:35.572+05:30  INFO 9624 --- [SpringApplicationShutdownHook] j.LocalContainerEntityManagerFactoryBean : Closing JPA EntityManagerFactory for persistence unit 'default'
2024-02-27T12:38:35.575+05:30  INFO 9624 --- [SpringApplicationShutdownHook] com.zaxxer.hikari.HikariDataSource       : d1 - Shutdown initiated...
2024-02-27T12:38:35.583+05:30  INFO 9624 --- [SpringApplicationShutdownHook] com.zaxxer.hikari.HikariDataSource       : d1 - Shutdown completed.
2024-02-27T12:38:37.835+05:30  INFO 2204 --- [main] B.QuizApp.QuizAppApplication             : Starting QuizAppApplication using Java 20.0.2.1 with PID 2204 (C:\Users\MFSPC0010\Downloads\QuizApp\QuizApp\target\classes started by MFSPC0010 in C:\Users\MFSPC0010\Downloads\QuizApp)
2024-02-27T12:38:37.838+05:30  INFO 2204 --- [main] B.QuizApp.QuizAppApplication             : No active profile set, falling back to 1 default profile: "default"
2024-02-27T12:38:38.622+05:30  INFO 2204 --- [main] .s.d.r.c.RepositoryConfigurationDelegate : Bootstrapping Spring Data JPA repositories in DEFAULT mode.
2024-02-27T12:38:38.694+05:30  INFO 2204 --- [main] .s.d.r.c.RepositoryConfigurationDelegate : Finished Spring Data repository scanning in 63 ms. Found 2 JPA repository interfaces.
2024-02-27T12:38:39.346+05:30  INFO 2204 --- [main] o.s.b.w.embedded.tomcat.TomcatWebServer  : Tomcat initialized with port 8082 (http)
2024-02-27T12:38:39.358+05:30  INFO 2204 --- [main] o.apache.catalina.core.StandardService   : Starting service [Tomcat]
2024-02-27T12:38:39.358+05:30  INFO 2204 --- [main] o.apache.catalina.core.StandardEngine    : Starting Servlet engine: [Apache Tomcat/10.1.18]
2024-02-27T12:38:39.413+05:30  INFO 2204 --- [main] o.a.c.c.C.[Tomcat].[localhost].[/]       : Initializing Spring embedded WebApplicationContext
2024-02-27T12:38:39.413+05:30  INFO 2204 --- [main] w.s.c.ServletWebServerApplicationContext : Root WebApplicationContext: initialization completed in 1511 ms
2024-02-27T12:38:39.606+05:30  INFO 2204 --- [main] o.hibernate.jpa.internal.util.LogHelper  : HHH000204: Processing PersistenceUnitInfo [name: default]
2024-02-27T12:38:39.674+05:30  INFO 2204 --- [main] org.hibernate.Version                    : HHH000412: Hibernate ORM core version 6.4.1.Final
2024-02-27T12:38:39.707+05:30  INFO 2204 --- [main] o.h.c.internal.RegionFactoryInitiator    : HHH000026: Second-level cache disabled
2024-02-27T12:38:40.010+05:30  INFO 2204 --- [main] o.s.o.j.p.SpringPersistenceUnitInfo      : No LoadTimeWeaver setup: ignoring JPA class transformer
2024-02-27T12:38:40.041+05:30  INFO 2204 --- [main] com.zaxxer.hikari.HikariDataSource       : d1 - Starting...
2024-02-27T12:38:40.451+05:30  INFO 2204 --- [main] com.zaxxer.hikari.pool.HikariPool        : d1 - Added connection com.mysql.cj.jdbc.ConnectionImpl@31b741e2
2024-02-27T12:38:40.454+05:30  INFO 2204 --- [main] com.zaxxer.hikari.HikariDataSource       : d1 - Start completed.
2024-02-27T12:38:40.509+05:30  WARN 2204 --- [main] org.hibernate.orm.deprecation            : HHH90000025: MySQL8Dialect does not need to be specified explicitly using 'hibernate.dialect' (remove the property setting and it will be selected by default)
2024-02-27T12:38:40.510+05:30  WARN 2204 --- [main] org.hibernate.orm.deprecation            : HHH90000026: MySQL8Dialect has been deprecated; use org.hibernate.dialect.MySQLDialect instead
2024-02-27T12:38:41.503+05:30  INFO 2204 --- [main] o.h.e.t.j.p.i.JtaPlatformInitiator       : HHH000489: No JTA platform available (set 'hibernate.transaction.jta.platform' to enable JTA platform integration)
2024-02-27T12:38:41.564+05:30  INFO 2204 --- [main] j.LocalContainerEntityManagerFactoryBean : Initialized JPA EntityManagerFactory for persistence unit 'default'
2024-02-27T12:38:41.871+05:30  INFO 2204 --- [main] o.s.d.j.r.query.QueryEnhancerFactory     : Hibernate is in classpath; If applicable, HQL parser will be used.
2024-02-27T12:38:42.062+05:30  WARN 2204 --- [main] JpaBaseConfiguration$JpaWebConfiguration : spring.jpa.open-in-view is enabled by default. Therefore, database queries may be performed during view rendering. Explicitly configure spring.jpa.open-in-view to disable this warning
2024-02-27T12:38:42.480+05:30  INFO 2204 --- [main] o.s.b.w.embedded.tomcat.TomcatWebServer  : Tomcat started on port 8082 (http) with context path ''
2024-02-27T12:38:42.490+05:30  INFO 2204 --- [main] B.QuizApp.QuizAppApplication             : Started QuizAppApplication in 5.218 seconds (process running for 5.729)
2024-02-27T12:40:15.371+05:30  INFO 2204 --- [SpringApplicationShutdownHook] j.LocalContainerEntityManagerFactoryBean : Closing JPA EntityManagerFactory for persistence unit 'default'
2024-02-27T12:40:15.374+05:30  INFO 2204 --- [SpringApplicationShutdownHook] com.zaxxer.hikari.HikariDataSource       : d1 - Shutdown initiated...
2024-02-27T12:40:15.380+05:30  INFO 2204 --- [SpringApplicationShutdownHook] com.zaxxer.hikari.HikariDataSource       : d1 - Shutdown completed.
